<?xml version="1.0" encoding="utf-8"?><testsuites name="pytest tests"><testsuite name="pytest" errors="0" failures="0" skipped="0" tests="8" time="6.394" timestamp="2026-02-19T20:28:58.264293+00:00" hostname="agent-env-af9db958-eb85-4e3c-8fd5-3ae1300e18ce"><testcase classname="tests.test_api.TestHealthEndpoints" name="test_wave3_health" time="0.254" /><testcase classname="tests.test_api.TestAuth" name="test_login_supervisor" time="0.620" /><testcase classname="tests.test_api.TestAuth" name="test_login_admin" time="0.656" /><testcase classname="tests.test_api.TestAuth" name="test_login_invalid_credentials" time="0.127" /><testcase classname="tests.test_api.TestSpeechToText" name="test_stt_endpoint_exists" time="2.154" /><testcase classname="tests.test_api.TestSpeechToText" name="test_stt_with_empty_audio" time="0.860" /><testcase classname="tests.test_api.TestDPREndpoints" name="test_list_dprs" time="0.888" /><testcase classname="tests.test_api.TestProjectEndpoints" name="test_list_projects" time="0.776" /></testsuite></testsuites>